<?xml version="1.0" encoding="UTF-8"?>
<!-- Generated by org.testng.reporters.JUnitReportReporter -->
<testsuite skipped="1" hostname="VashisthaM-PC" name="com.missiongroup.qa.testcases.AdminHomePageTest" tests="2" failures="0" timestamp="11 Aug 2021 14:22:38 GMT" time="2.314" errors="1">
  <testcase name="setUp" time="2.313" classname="com.missiongroup.qa.testcases.AdminHomePageTest">
    <error type="org.openqa.selenium.SessionNotCreatedException" message="session not created: This version of ChromeDriver only supports Chrome version 89
Current browser version is 92.0.4515.131 with binary path C:\Program Files (x86)\Google\Chrome\Application\chrome.exe
Build info: version: &#039;3.14.0&#039;, revision: &#039;aacccce0&#039;, time: &#039;2018-08-02T20:19:58.91Z&#039;
System info: host: &#039;VASHISTHAM-PC&#039;, ip: &#039;192.168.29.186&#039;, os.name: &#039;Windows 10&#039;, os.arch: &#039;amd64&#039;, os.version: &#039;10.0&#039;, java.version: &#039;1.8.0_181&#039;
Driver info: driver.version: ChromeDriver
remote stacktrace: Backtrace:
	Ordinal0 [0x00F0E7D3+124883]
	Ordinal0 [0x00F0E7B1+124849]
	GetHandleVerifier [0x01158688+193832]
	GetHandleVerifier [0x01173AC5+305509]
	GetHandleVerifier [0x0117021B+291003]
	GetHandleVerifier [0x0116E0AC+282444]
	GetHandleVerifier [0x01194A90+440624]
	GetHandleVerifier [0x011947FC+439964]
	GetHandleVerifier [0x0119154B+426987]
	GetHandleVerifier [0x01174FFD+310941]
	GetHandleVerifier [0x01175D8E+314414]
	GetHandleVerifier [0x01175D19+314297]
	GetHandleVerifier [0x012331EC+1089676]
	GetHandleVerifier [0x012317C9+1082985]
	GetHandleVerifier [0x012313A3+1081923]
	GetHandleVerifier [0x0132D9FD+2115741]
	Ordinal0 [0x0105B82E+1488942]
	Ordinal0 [0x00FF5A7D+1071741]
	Ordinal0 [0x00FF559B+1070491]
	Ordinal0 [0x00FF54B1+1070257]
	Ordinal0 [0x0102FF53+1310547]
	BaseThreadInitThunk [0x77B98484+36]
	RtlValidSecurityDescriptor [0x77E3305A+282]
	RtlValidSecurityDescriptor [0x77E3302A+234]
">
      <![CDATA[org.openqa.selenium.SessionNotCreatedException: session not created: This version of ChromeDriver only supports Chrome version 89
Current browser version is 92.0.4515.131 with binary path C:\Program Files (x86)\Google\Chrome\Application\chrome.exe
Build info: version: '3.14.0', revision: 'aacccce0', time: '2018-08-02T20:19:58.91Z'
System info: host: 'VASHISTHAM-PC', ip: '192.168.29.186', os.name: 'Windows 10', os.arch: 'amd64', os.version: '10.0', java.version: '1.8.0_181'
Driver info: driver.version: ChromeDriver
remote stacktrace: Backtrace:
	Ordinal0 [0x00F0E7D3+124883]
	Ordinal0 [0x00F0E7B1+124849]
	GetHandleVerifier [0x01158688+193832]
	GetHandleVerifier [0x01173AC5+305509]
	GetHandleVerifier [0x0117021B+291003]
	GetHandleVerifier [0x0116E0AC+282444]
	GetHandleVerifier [0x01194A90+440624]
	GetHandleVerifier [0x011947FC+439964]
	GetHandleVerifier [0x0119154B+426987]
	GetHandleVerifier [0x01174FFD+310941]
	GetHandleVerifier [0x01175D8E+314414]
	GetHandleVerifier [0x01175D19+314297]
	GetHandleVerifier [0x012331EC+1089676]
	GetHandleVerifier [0x012317C9+1082985]
	GetHandleVerifier [0x012313A3+1081923]
	GetHandleVerifier [0x0132D9FD+2115741]
	Ordinal0 [0x0105B82E+1488942]
	Ordinal0 [0x00FF5A7D+1071741]
	Ordinal0 [0x00FF559B+1070491]
	Ordinal0 [0x00FF54B1+1070257]
	Ordinal0 [0x0102FF53+1310547]
	BaseThreadInitThunk [0x77B98484+36]
	RtlValidSecurityDescriptor [0x77E3305A+282]
	RtlValidSecurityDescriptor [0x77E3302A+234]

	at sun.reflect.NativeConstructorAccessorImpl.newInstance0(Native Method)
	at sun.reflect.NativeConstructorAccessorImpl.newInstance(Unknown Source)
	at sun.reflect.DelegatingConstructorAccessorImpl.newInstance(Unknown Source)
	at java.lang.reflect.Constructor.newInstance(Unknown Source)
	at org.openqa.selenium.remote.W3CHandshakeResponse.lambda$new$0(W3CHandshakeResponse.java:57)
	at org.openqa.selenium.remote.W3CHandshakeResponse.lambda$getResponseFunction$2(W3CHandshakeResponse.java:104)
	at org.openqa.selenium.remote.ProtocolHandshake.lambda$createSession$0(ProtocolHandshake.java:122)
	at java.util.stream.ReferencePipeline$3$1.accept(Unknown Source)
	at java.util.Spliterators$ArraySpliterator.tryAdvance(Unknown Source)
	at java.util.stream.ReferencePipeline.forEachWithCancel(Unknown Source)
	at java.util.stream.AbstractPipeline.copyIntoWithCancel(Unknown Source)
	at java.util.stream.AbstractPipeline.copyInto(Unknown Source)
	at java.util.stream.AbstractPipeline.wrapAndCopyInto(Unknown Source)
	at java.util.stream.FindOps$FindOp.evaluateSequential(Unknown Source)
	at java.util.stream.AbstractPipeline.evaluate(Unknown Source)
	at java.util.stream.ReferencePipeline.findFirst(Unknown Source)
	at org.openqa.selenium.remote.ProtocolHandshake.createSession(ProtocolHandshake.java:125)
	at org.openqa.selenium.remote.ProtocolHandshake.createSession(ProtocolHandshake.java:73)
	at org.openqa.selenium.remote.HttpCommandExecutor.execute(HttpCommandExecutor.java:136)
	at org.openqa.selenium.remote.service.DriverCommandExecutor.execute(DriverCommandExecutor.java:83)
	at org.openqa.selenium.remote.RemoteWebDriver.execute(RemoteWebDriver.java:548)
	at org.openqa.selenium.remote.RemoteWebDriver.startSession(RemoteWebDriver.java:212)
	at org.openqa.selenium.remote.RemoteWebDriver.<init>(RemoteWebDriver.java:130)
	at org.openqa.selenium.chrome.ChromeDriver.<init>(ChromeDriver.java:181)
	at org.openqa.selenium.chrome.ChromeDriver.<init>(ChromeDriver.java:168)
	at org.openqa.selenium.chrome.ChromeDriver.<init>(ChromeDriver.java:123)
	at com.missiongroup.qa.base.TestBase.initialization(TestBase.java:45)
	at com.missiongroup.qa.testcases.AdminHomePageTest.setUp(AdminHomePageTest.java:32)
	at sun.reflect.NativeMethodAccessorImpl.invoke0(Native Method)
	at sun.reflect.NativeMethodAccessorImpl.invoke(Unknown Source)
	at sun.reflect.DelegatingMethodAccessorImpl.invoke(Unknown Source)
	at java.lang.reflect.Method.invoke(Unknown Source)
	at org.testng.internal.MethodInvocationHelper.invokeMethod(MethodInvocationHelper.java:108)
	at org.testng.internal.Invoker.invokeConfigurationMethod(Invoker.java:523)
	at org.testng.internal.Invoker.invokeConfigurations(Invoker.java:224)
	at org.testng.internal.Invoker.invokeMethod(Invoker.java:599)
	at org.testng.internal.Invoker.invokeTestMethod(Invoker.java:869)
	at org.testng.internal.Invoker.invokeTestMethods(Invoker.java:1193)
	at org.testng.internal.TestMethodWorker.invokeTestMethods(TestMethodWorker.java:126)
	at org.testng.internal.TestMethodWorker.run(TestMethodWorker.java:109)
	at org.testng.TestRunner.privateRun(TestRunner.java:744)
	at org.testng.TestRunner.run(TestRunner.java:602)
	at org.testng.SuiteRunner.runTest(SuiteRunner.java:380)
	at org.testng.SuiteRunner.runSequentially(SuiteRunner.java:375)
	at org.testng.SuiteRunner.privateRun(SuiteRunner.java:340)
	at org.testng.SuiteRunner.run(SuiteRunner.java:289)
	at org.testng.SuiteRunnerWorker.runSuite(SuiteRunnerWorker.java:52)
	at org.testng.SuiteRunnerWorker.run(SuiteRunnerWorker.java:86)
	at org.testng.TestNG.runSuitesSequentially(TestNG.java:1301)
	at org.testng.TestNG.runSuitesLocally(TestNG.java:1226)
	at org.testng.TestNG.runSuites(TestNG.java:1144)
	at org.testng.TestNG.run(TestNG.java:1115)
	at org.testng.remote.AbstractRemoteTestNG.run(AbstractRemoteTestNG.java:115)
	at org.testng.remote.RemoteTestNG.initAndRun(RemoteTestNG.java:251)
	at org.testng.remote.RemoteTestNG.main(RemoteTestNG.java:77)
]]>
    </error>
  </testcase> <!-- setUp -->
  <testcase name="registerpropertymamager" time="0.001" classname="com.missiongroup.qa.testcases.AdminHomePageTest">
    <skipped/>
  </testcase> <!-- registerpropertymamager -->
</testsuite> <!-- com.missiongroup.qa.testcases.AdminHomePageTest -->
